======== LOG BEGIN 2019-03-29_16:41:07 ========

Round 1    MemcachedTester run: ['172.31.7.233'] --> ['172.31.5.101']
MemcachedTester fetch_data begin
servers : 172.31.5.101:22122
threads count: 16
concurrency: 256
run time: 60s
windows size: 10k
set proportion: set_prop=0.10
get proportion: get_prop=0.90
cmd_get: 25948342
cmd_set: 2883280
get_misses: 17544241
written_bytes: 2335353450
read_bytes: 1665503549
object_bytes: 472857920
Run time: 60.0s Ops: 28831622 TPS: 480488 Net_rate: 63.6M/s

Round 2    MemcachedTester run: ['172.31.7.233'] --> ['172.31.5.101']
MemcachedTester fetch_data begin
servers : 172.31.5.101:22122
threads count: 16
concurrency: 256
run time: 60s
windows size: 10k
set proportion: set_prop=0.10
get proportion: get_prop=0.90
cmd_get: 26238724
cmd_set: 2915543
get_misses: 17805850
written_bytes: 2361487090
read_bytes: 1672393411
object_bytes: 478149052
Run time: 60.0s Ops: 29154267 TPS: 485867 Net_rate: 64.1M/s

Round 3    MemcachedTester run: ['172.31.7.233'] --> ['172.31.5.101']
MemcachedTester fetch_data begin
servers : 172.31.5.101:22122
threads count: 16
concurrency: 256
run time: 60s
windows size: 10k
set proportion: set_prop=0.10
get proportion: get_prop=0.90
cmd_get: 26011973
cmd_set: 2890343
get_misses: 17600235
written_bytes: 2341079070
read_bytes: 1667252691
object_bytes: 474016252
Run time: 60.0s Ops: 28902316 TPS: 481660 Net_rate: 63.7M/s

Round 4    MemcachedTester run: ['172.31.7.233'] --> ['172.31.5.101']
MemcachedTester fetch_data begin
servers : 172.31.5.101:22122
threads count: 16
concurrency: 256
run time: 60s
windows size: 10k
set proportion: set_prop=0.10
get proportion: get_prop=0.90
cmd_get: 26019604
cmd_set: 2891192
get_misses: 17604761
written_bytes: 2341766610
read_bytes: 1667855653
object_bytes: 474155488
Run time: 60.0s Ops: 28910796 TPS: 481803 Net_rate: 63.7M/s

Round 5    MemcachedTester run: ['172.31.7.233'] --> ['172.31.5.101']
MemcachedTester fetch_data begin
servers : 172.31.5.101:22122
threads count: 16
concurrency: 256
run time: 60s
windows size: 10k
set proportion: set_prop=0.10
get proportion: get_prop=0.90
cmd_get: 25723175
cmd_set: 2858262
get_misses: 17347188
written_bytes: 2315088740
read_bytes: 1659116696
object_bytes: 468754968
Run time: 60.0s Ops: 28581437 TPS: 476317 Net_rate: 63.2M/s
>>>finish
